Started by user [8mha:AAAAlx+LCAAAAAAAAP9b85aBtbiIQTGjNKU4P08vOT+vOD8nVc83PyU1x6OyILUoJzMv2y+/JJUBAhiZGBgqihhk0NSjKDWzXb3RdlLBUSYGJk8GtpzUvPSSDB8G5tKinBIGIZ+sxLJE/ZzEvHT94JKizLx0a6BxUmjGOUNodHsLgAzWEgZu/dLi1CL9xJTczDwAj6GcLcAAAAA=[0madmin
Building remotely on [8mha:AAAAmx+LCAAAAAAAAP9b85aBtbiIQTGjNKU4P08vOT+vOD8nVc83PyU1x6OyILUoJzMv2y+/JJUBAhiZGBgqihhk0NSjKDWzXb3RdlLBUSYGJk8GtpzUvPSSDB8G5tKinBIGIZ+sxLJE/ZzEvHT94JKizLx0a6BxUmjGOUNodHsLgAzWEgZ+/eT83ILSktQifd/EZP9gAD7LxujEAAAA[0mMacOS in workspace /Users/kbrzezina/jenkins_node/workspace/2048
 > git rev-parse --is-inside-work-tree # timeout=10
Fetching changes from the remote Git repository
 > git config remote.origin.url https://github.com/chrisamanse/savings-assistant.git # timeout=10
Fetching upstream changes from https://github.com/chrisamanse/savings-assistant.git
 > git --version # timeout=10
 > git fetch --tags --progress https://github.com/chrisamanse/savings-assistant.git +refs/heads/*:refs/remotes/origin/*
 > git rev-parse refs/remotes/origin/master^{commit} # timeout=10
 > git rev-parse refs/remotes/origin/origin/master^{commit} # timeout=10
Checking out Revision f9eeee2be9b4c9dd1ee463ae00cf91ac37714aec (refs/remotes/origin/master)
 > git config core.sparsecheckout # timeout=10
 > git checkout -f f9eeee2be9b4c9dd1ee463ae00cf91ac37714aec
First time build. Skipping changelog.
Working directory is /Users/kbrzezina/jenkins_node/workspace/2048.
[2048] $ /usr/bin/xcodebuild -version
Xcode 7.3.1
Build version 7D1014
Fetching marketing version number (CFBundleShortVersionString) from project.
[2048] $ /usr/bin/agvtool mvers -terse1
Found marketing version (CFBundleShortVersionString): 1.0.1.
Marketing version (CFBundleShortVersionString) found in project configuration: 1.0.1.
Fetching technical version number (CFBundleVersion) from project.
[2048] $ /usr/bin/agvtool vers -terse
No marketing version found (CFBundleVersion)
Technical version (CFBundleVersion) found in project configuration: .
Marketing version (CFBundleShortVersionString) used by Jenkins to produce the IPA: 1.0.1
Technical version (CFBundleVersion) used by Jenkins to produce the IPA: 
Cleaning build directory: /Users/kbrzezina/jenkins_node/workspace/2048/build/Debug-iphoneos
Cleaning up test-reports : /Users/kbrzezina/jenkins_node/workspace/2048/test-reports
===========================================================
== Available provisioning profiles
[2048] $ /usr/bin/security find-identity -p codesigning -v
  1) 8A413CA3AFEFC7399319EF5AB12E4AFBAEA025A7 "iPhone Developer: krzysztof.brzezina@gmail.com (6WNV66F8FW)"
     1 valid identities found
== Available SDKs
[2048] $ /usr/bin/xcodebuild -showsdks
OS X SDKs:
	OS X 10.11                    	-sdk macosx10.11

iOS SDKs:
	iOS 9.3                       	-sdk iphoneos9.3

iOS Simulator SDKs:
	Simulator - iOS 9.3           	-sdk iphonesimulator9.3

tvOS SDKs:
	tvOS 9.2                      	-sdk appletvos9.2

tvOS Simulator SDKs:
	Simulator - tvOS 9.2          	-sdk appletvsimulator9.2

watchOS SDKs:
	watchOS 2.2                   	-sdk watchos2.2

watchOS Simulator SDKs:
	Simulator - watchOS 2.2       	-sdk watchsimulator2.2

== Available schemes
[2048] $ /usr/bin/xcodebuild -list
Information about project "savings-assistant":
    Targets:
        savings-assistant
        savings-assistantTests

    Build Configurations:
        Debug
        Release

    If no build configuration is specified and -scheme is not passed then "Release" is used.

    Schemes:
        savings-assistant

===========================================================
Going to invoke xcodebuild:, scheme: savings-assistant, sdk: DEFAULT, project: DEFAULT, configuration: Debug, clean: YES, archive:NO, symRoot: DEFAULT, configurationBuildDir: DEFAULT, codeSignIdentity: DEFAULT
[2048] $ /usr/bin/xcodebuild -scheme savings-assistant -configuration Debug clean build test -destination id=A6B430F1-1ECF-4FF1-B505-EEFF64A5E3A7
=== CLEAN TARGET savings-assistant OF PROJECT savings-assistant WITH CONFIGURATION Debug ===

Check dependencies
The file ‚ÄúPods-savings-assistant.debug.xcconfig‚Äù couldn‚Äôt be opened because there is no such file. (/Users/kbrzezina/jenkins_node/workspace/2048/Pods/Target Support Files/Pods-savings-assistant/Pods-savings-assistant.debug.xcconfig)

Create product structure
/bin/mkdir -p /Users/kbrzezina/Library/Developer/Xcode/DerivedData/savings-assistant-cwonspljyzmdncgfebmztahbdhhd/Build/Products/Debug-iphonesimulator/savings-assistant.app

Clean.Remove clean /Users/kbrzezina/Library/Developer/Xcode/DerivedData/savings-assistant-cwonspljyzmdncgfebmztahbdhhd/Build/Intermediates/savings-assistant.build/Debug-iphonesimulator/savings-assistant.build
    builtin-rm -rf /Users/kbrzezina/Library/Developer/Xcode/DerivedData/savings-assistant-cwonspljyzmdncgfebmztahbdhhd/Build/Intermediates/savings-assistant.build/Debug-iphonesimulator/savings-assistant.build

Clean.Remove clean /Users/kbrzezina/Library/Developer/Xcode/DerivedData/savings-assistant-cwonspljyzmdncgfebmztahbdhhd/Build/Products/Debug-iphonesimulator/savings-assistant.app
    builtin-rm -rf /Users/kbrzezina/Library/Developer/Xcode/DerivedData/savings-assistant-cwonspljyzmdncgfebmztahbdhhd/Build/Products/Debug-iphonesimulator/savings-assistant.app

Clean.Remove clean /Users/kbrzezina/Library/Developer/Xcode/DerivedData/savings-assistant-cwonspljyzmdncgfebmztahbdhhd/Build/Products/Debug-iphonesimulator/savings-assistant.app.dSYM
    builtin-rm -rf /Users/kbrzezina/Library/Developer/Xcode/DerivedData/savings-assistant-cwonspljyzmdncgfebmztahbdhhd/Build/Products/Debug-iphonesimulator/savings-assistant.app.dSYM

=== CLEAN TARGET savings-assistantTests OF PROJECT savings-assistant WITH CONFIGURATION Debug ===

Check dependencies
The file ‚ÄúPods-savings-assistantTests.debug.xcconfig‚Äù couldn‚Äôt be opened because there is no such file. (/Users/kbrzezina/jenkins_node/workspace/2048/Pods/Target Support Files/Pods-savings-assistantTests/Pods-savings-assistantTests.debug.xcconfig)

Create product structure
/bin/mkdir -p /Users/kbrzezina/Library/Developer/Xcode/DerivedData/savings-assistant-cwonspljyzmdncgfebmztahbdhhd/Build/Products/Debug-iphonesimulator/savings-assistant.app/PlugIns/savings-assistantTests.xctest

Clean.Remove clean /Users/kbrzezina/Library/Developer/Xcode/DerivedData/savings-assistant-cwonspljyzmdncgfebmztahbdhhd/Build/Products/Debug-iphonesimulator/savings-assistant.app/PlugIns/savings-assistantTests.xctest
    builtin-rm -rf /Users/kbrzezina/Library/Developer/Xcode/DerivedData/savings-assistant-cwonspljyzmdncgfebmztahbdhhd/Build/Products/Debug-iphonesimulator/savings-assistant.app/PlugIns/savings-assistantTests.xctest

Clean.Remove clean /Users/kbrzezina/Library/Developer/Xcode/DerivedData/savings-assistant-cwonspljyzmdncgfebmztahbdhhd/Build/Products/Debug-iphonesimulator/savings-assistantTests.xctest.dSYM
    builtin-rm -rf /Users/kbrzezina/Library/Developer/Xcode/DerivedData/savings-assistant-cwonspljyzmdncgfebmztahbdhhd/Build/Products/Debug-iphonesimulator/savings-assistantTests.xctest.dSYM

Clean.Remove clean /Users/kbrzezina/Library/Developer/Xcode/DerivedData/savings-assistant-cwonspljyzmdncgfebmztahbdhhd/Build/Intermediates/savings-assistant.build/Debug-iphonesimulator/savings-assistantTests.build
    builtin-rm -rf /Users/kbrzezina/Library/Developer/Xcode/DerivedData/savings-assistant-cwonspljyzmdncgfebmztahbdhhd/Build/Intermediates/savings-assistant.build/Debug-iphonesimulator/savings-assistantTests.build

** CLEAN SUCCEEDED **

=== BUILD TARGET savings-assistant OF PROJECT savings-assistant WITH CONFIGURATION Debug ===

Check dependencies
The file ‚ÄúPods-savings-assistant.debug.xcconfig‚Äù couldn‚Äôt be opened because there is no such file. (/Users/kbrzezina/jenkins_node/workspace/2048/Pods/Target Support Files/Pods-savings-assistant/Pods-savings-assistant.debug.xcconfig)

Write auxiliary files
write-file /Users/kbrzezina/Library/Developer/Xcode/DerivedData/savings-assistant-cwonspljyzmdncgfebmztahbdhhd/Build/Intermediates/savings-assistant.build/Debug-iphonesimulator/savings-assistant.build/savings-assistant-generated-files.hmap
write-file /Users/kbrzezina/Library/Developer/Xcode/DerivedData/savings-assistant-cwonspljyzmdncgfebmztahbdhhd/Build/Intermediates/savings-assistant.build/Debug-iphonesimulator/savings-assistant.build/savings-assistant-all-non-framework-target-headers.hmap
/bin/mkdir -p /Users/kbrzezina/Library/Developer/Xcode/DerivedData/savings-assistant-cwonspljyzmdncgfebmztahbdhhd/Build/Intermediates/savings-assistant.build/Debug-iphonesimulator/savings-assistant.build/Objects-normal/x86_64
write-file /Users/kbrzezina/Library/Developer/Xcode/DerivedData/savings-assistant-cwonspljyzmdncgfebmztahbdhhd/Build/Intermediates/savings-assistant.build/Debug-iphonesimulator/savings-assistant.build/Objects-normal/x86_64/savings-assistant.LinkFileList
write-file /Users/kbrzezina/Library/Developer/Xcode/DerivedData/savings-assistant-cwonspljyzmdncgfebmztahbdhhd/Build/Intermediates/savings-assistant.build/Debug-iphonesimulator/savings-assistant.build/savings-assistant.hmap
write-file /Users/kbrzezina/Library/Developer/Xcode/DerivedData/savings-assistant-cwonspljyzmdncgfebmztahbdhhd/Build/Intermediates/savings-assistant.build/Debug-iphonesimulator/savings-assistant.build/Script-ED650E7E9CBFF4F1129F6782.sh
chmod 0755 /Users/kbrzezina/Library/Developer/Xcode/DerivedData/savings-assistant-cwonspljyzmdncgfebmztahbdhhd/Build/Intermediates/savings-assistant.build/Debug-iphonesimulator/savings-assistant.build/Script-ED650E7E9CBFF4F1129F6782.sh
write-file /Users/kbrzezina/Library/Developer/Xcode/DerivedData/savings-assistant-cwonspljyzmdncgfebmztahbdhhd/Build/Intermediates/savings-assistant.build/Debug-iphonesimulator/savings-assistant.build/swift-overrides.hmap
write-file /Users/kbrzezina/Library/Developer/Xcode/DerivedData/savings-assistant-cwonspljyzmdncgfebmztahbdhhd/Build/Intermediates/savings-assistant.build/Debug-iphonesimulator/savings-assistant.build/savings-assistant-own-target-headers.hmap
write-file /Users/kbrzezina/Library/Developer/Xcode/DerivedData/savings-assistant-cwonspljyzmdncgfebmztahbdhhd/Build/Intermediates/savings-assistant.build/Debug-iphonesimulator/savings-assistant.build/savings-assistant-project-headers.hmap
write-file /Users/kbrzezina/Library/Developer/Xcode/DerivedData/savings-assistant-cwonspljyzmdncgfebmztahbdhhd/Build/Intermediates/savings-assistant.build/Debug-iphonesimulator/savings-assistant.build/Objects-normal/x86_64/savings-assistant-OutputFileMap.json
write-file /Users/kbrzezina/Library/Developer/Xcode/DerivedData/savings-assistant-cwonspljyzmdncgfebmztahbdhhd/Build/Intermediates/savings-assistant.build/Debug-iphonesimulator/savings-assistant.build/savings-assistant-all-target-headers.hmap
write-file /Users/kbrzezina/Library/Developer/Xcode/DerivedData/savings-assistant-cwonspljyzmdncgfebmztahbdhhd/Build/Intermediates/savings-assistant.build/Debug-iphonesimulator/savings-assistant.build/Script-E91A27C13915A774B66B3C2F.sh
chmod 0755 /Users/kbrzezina/Library/Developer/Xcode/DerivedData/savings-assistant-cwonspljyzmdncgfebmztahbdhhd/Build/Intermediates/savings-assistant.build/Debug-iphonesimulator/savings-assistant.build/Script-E91A27C13915A774B66B3C2F.sh
write-file /Users/kbrzezina/Library/Developer/Xcode/DerivedData/savings-assistant-cwonspljyzmdncgfebmztahbdhhd/Build/Intermediates/savings-assistant.build/Debug-iphonesimulator/savings-assistant.build/Script-EC73F40CFEE030BFF17BA5EA.sh
chmod 0755 /Users/kbrzezina/Library/Developer/Xcode/DerivedData/savings-assistant-cwonspljyzmdncgfebmztahbdhhd/Build/Intermediates/savings-assistant.build/Debug-iphonesimulator/savings-assistant.build/Script-EC73F40CFEE030BFF17BA5EA.sh

PhaseScriptExecution Check\ Pods\ Manifest.lock /Users/kbrzezina/Library/Developer/Xcode/DerivedData/savings-assistant-cwonspljyzmdncgfebmztahbdhhd/Build/Intermediates/savings-assistant.build/Debug-iphonesimulator/savings-assistant.build/Script-E91A27C13915A774B66B3C2F.sh
    cd /Users/kbrzezina/jenkins_node/workspace/2048
    /bin/sh -c /Users/kbrzezina/Library/Developer/Xcode/DerivedData/savings-assistant-cwonspljyzmdncgfebmztahbdhhd/Build/Intermediates/savings-assistant.build/Debug-iphonesimulator/savings-assistant.build/Script-E91A27C13915A774B66B3C2F.sh
diff: /../Podfile.lock: No such file or directory
diff: /Manifest.lock: No such file or directory
error: The sandbox is not in sync with the Podfile.lock. Run 'pod install' or update your CocoaPods installation.

** BUILD FAILED **


The following build commands failed:
	PhaseScriptExecution Check\ Pods\ Manifest.lock /Users/kbrzezina/Library/Developer/Xcode/DerivedData/savings-assistant-cwonspljyzmdncgfebmztahbdhhd/Build/Intermediates/savings-assistant.build/Debug-iphonesimulator/savings-assistant.build/Script-E91A27C13915A774B66B3C2F.sh
(1 failure)
2016-11-26 21:46:55.756 xcodebuild[55779:8883265]  IDETestOperationsObserverDebug: Writing diagnostic log for test session to:
/Users/kbrzezina/Library/Developer/Xcode/DerivedData/savings-assistant-cwonspljyzmdncgfebmztahbdhhd/Logs/Test/20CBAE26-9067-4532-A310-DDDEC812DFCF/Session-2016-11-26_21:46:55-RVnKyC.log
2016-11-26 21:46:55.759 xcodebuild[55779:8883221] [MT] IDETestOperationsObserverDebug: (C1008DAB-5AA3-4F39-9D1A-3EF47FB5FE94) Beginning test session C1008DAB-5AA3-4F39-9D1A-3EF47FB5FE94 with Xcode 7D1014 on target <DVTiPhoneSimulator: 0x7f8554006610> {
		SimDevice: SimDevice : iPhone 6 (A6B430F1-1ECF-4FF1-B505-EEFF64A5E3A7) : state={ Shutdown } deviceType={ SimDeviceType : com.apple.CoreSimulator.SimDeviceType.iPhone-6 } runtime={ SimRuntime : 9.3 (13E230) - com.apple.CoreSimulator.SimRuntime.iOS-9-3 }
} (9.3 (13E230))
=== BUILD TARGET savings-assistant OF PROJECT savings-assistant WITH CONFIGURATION Debug ===

Check dependencies
The file ‚ÄúPods-savings-assistant.debug.xcconfig‚Äù couldn‚Äôt be opened because there is no such file. (/Users/kbrzezina/jenkins_node/workspace/2048/Pods/Target Support Files/Pods-savings-assistant/Pods-savings-assistant.debug.xcconfig)

PhaseScriptExecution Check\ Pods\ Manifest.lock /Users/kbrzezina/Library/Developer/Xcode/DerivedData/savings-assistant-cwonspljyzmdncgfebmztahbdhhd/Build/Intermediates/savings-assistant.build/Debug-iphonesimulator/savings-assistant.build/Script-E91A27C13915A774B66B3C2F.sh
    cd /Users/kbrzezina/jenkins_node/workspace/2048
    /bin/sh -c /Users/kbrzezina/Library/Developer/Xcode/DerivedData/savings-assistant-cwonspljyzmdncgfebmztahbdhhd/Build/Intermediates/savings-assistant.build/Debug-iphonesimulator/savings-assistant.build/Script-E91A27C13915A774B66B3C2F.sh
diff: /../Podfile.lock: No such file or directory
diff: /Manifest.lock: No such file or directory
error: The sandbox is not in sync with the Podfile.lock. Run 'pod install' or update your CocoaPods installation.


Testing failed:
	Diff: /../Podfile.lock: No such file or directory
	Diff: /Manifest.lock: No such file or directory
	The sandbox is not in sync with the Podfile.lock. Run 'pod install' or update your CocoaPods installation.
** TEST FAILED **


The following build commands failed:
	PhaseScriptExecution Check\ Pods\ Manifest.lock /Users/kbrzezina/Library/Developer/Xcode/DerivedData/savings-assistant-cwonspljyzmdncgfebmztahbdhhd/Build/Intermediates/savings-assistant.build/Debug-iphonesimulator/savings-assistant.build/Script-E91A27C13915A774B66B3C2F.sh
(1 failure)
Build step 'Xcode' marked build as failure
Finished: FAILURE
